GPU available: True (cuda), used: True
TPU available: False, using: 0 TPU cores
IPU available: False, using: 0 IPUs
HPU available: False, using: 0 HPUs
LOCAL_RANK: 0 - CUDA_VISIBLE_DEVICES: [0]

  | Name           | Type  | Params
-----------------------------------------
0 | model_backbone | Model | 3.7 M 
-----------------------------------------
3.7 M     Trainable params
0         Non-trainable params
3.7 M     Total params
14.791    Total estimated model params size (MB)
SLURM auto-requeueing enabled. Setting signal handlers.
cuda True
NVIDIA GeForce RTX 3090
Model:
 MoleculeModel(
  (model_backbone): Model(
    (atom_preprocess): ModuleList(
      (0): AtomEdgeInteraction(
        (interaction): Linear(in_features=147, out_features=128, bias=True)
      )
      (1-8): 8 x Sequential(
        (0): Linear(in_features=128, out_features=128, bias=True)
        (1): BatchNorm1d(128, eps=1e-05, momentum=0.1, affine=True, track_running_stats=True)
        (2): PReLU(num_parameters=1)
        (3): Dropout(p=0.0, inplace=False)
      )
    )
    (sage_convolutions): ModuleList(
      (0): SAGEConv(128, 1024, aggr=mean)
      (1): SAGEConv(1024, 1024, aggr=mean)
    )
    (postprocess): ModuleList(
      (0): Sequential(
        (0): Linear(in_features=1024, out_features=1024, bias=True)
        (1): BatchNorm1d(1024, eps=1e-05, momentum=0.1, affine=True, track_running_stats=True)
        (2): PReLU(num_parameters=1)
        (3): Dropout(p=0.0, inplace=False)
      )
      (1): Sequential(
        (0): Linear(in_features=1024, out_features=128, bias=True)
        (1): BatchNorm1d(128, eps=1e-05, momentum=0.1, affine=True, track_running_stats=True)
        (2): PReLU(num_parameters=1)
        (3): Dropout(p=0.0, inplace=False)
      )
    )
    (output_layer): Linear(in_features=128, out_features=1, bias=True)
  )
)
Metric val_loss improved. New best score: 0.052
Metric val_loss improved by 0.009 >= min_delta = 0.0. New best score: 0.043
Metric val_loss improved by 0.002 >= min_delta = 0.0. New best score: 0.041
Metric val_loss improved by 0.001 >= min_delta = 0.0. New best score: 0.040
Metric val_loss improved by 0.001 >= min_delta = 0.0. New best score: 0.039
Metric val_loss improved by 0.001 >= min_delta = 0.0. New best score: 0.038
Metric val_loss improved by 0.001 >= min_delta = 0.0. New best score: 0.038
Metric val_loss improved by 0.000 >= min_delta = 0.0. New best score: 0.037
Metric val_loss improved by 0.000 >= min_delta = 0.0. New best score: 0.037
Metric val_loss improved by 0.000 >= min_delta = 0.0. New best score: 0.037
Metric val_loss improved by 0.000 >= min_delta = 0.0. New best score: 0.037
Metric val_loss improved by 0.000 >= min_delta = 0.0. New best score: 0.037
Metric val_loss improved by 0.000 >= min_delta = 0.0. New best score: 0.036
Metric val_loss improved by 0.000 >= min_delta = 0.0. New best score: 0.036
Metric val_loss improved by 0.000 >= min_delta = 0.0. New best score: 0.036
Metric val_loss improved by 0.000 >= min_delta = 0.0. New best score: 0.036
Metric val_loss improved by 0.000 >= min_delta = 0.0. New best score: 0.036
Metric val_loss improved by 0.000 >= min_delta = 0.0. New best score: 0.036
Metric val_loss improved by 0.000 >= min_delta = 0.0. New best score: 0.036
Metric val_loss improved by 0.000 >= min_delta = 0.0. New best score: 0.036
Metric val_loss improved by 0.000 >= min_delta = 0.0. New best score: 0.035
Metric val_loss improved by 0.000 >= min_delta = 0.0. New best score: 0.035
Monitored metric val_loss did not improve in the last 5 records. Best score: 0.035. Signaling Trainer to stop.
Время обучения: 2:22:24
