GPU available: True (cuda), used: True
TPU available: False, using: 0 TPU cores
IPU available: False, using: 0 IPUs
HPU available: False, using: 0 HPUs
LOCAL_RANK: 0 - CUDA_VISIBLE_DEVICES: [0]

  | Name           | Type  | Params
-----------------------------------------
0 | model_backbone | Model | 613 K 
-----------------------------------------
613 K     Trainable params
0         Non-trainable params
613 K     Total params
2.452     Total estimated model params size (MB)
SLURM auto-requeueing enabled. Setting signal handlers.
cuda True
NVIDIA GeForce RTX 3090
Model:
 MoleculeModel(
  (model_backbone): Model(
    (atom_preprocess): ModuleList(
      (0): AtomEdgeInteraction(
        (interaction): Linear(in_features=147, out_features=128, bias=True)
      )
      (1-8): 8 x Sequential(
        (0): Linear(in_features=128, out_features=128, bias=True)
        (1): BatchNorm1d(128, eps=1e-05, momentum=0.1, affine=True, track_running_stats=True)
        (2): PReLU(num_parameters=1)
        (3): Dropout(p=0.0, inplace=False)
      )
    )
    (cheb_convolutions): ModuleList(
      (0): ChebConv(128, 128, K=10, normalization=sym)
      (1): ChebConv(128, 128, K=16, normalization=sym)
    )
    (postprocess): ModuleList(
      (0-1): 2 x Sequential(
        (0): Linear(in_features=128, out_features=128, bias=True)
        (1): BatchNorm1d(128, eps=1e-05, momentum=0.1, affine=True, track_running_stats=True)
        (2): PReLU(num_parameters=1)
        (3): Dropout(p=0.0, inplace=False)
      )
    )
    (output_layer): Linear(in_features=128, out_features=1, bias=True)
  )
)
Metric val_loss improved. New best score: 0.037
Metric val_loss improved by 0.006 >= min_delta = 0.0. New best score: 0.031
Metric val_loss improved by 0.001 >= min_delta = 0.0. New best score: 0.030
Metric val_loss improved by 0.001 >= min_delta = 0.0. New best score: 0.029
Metric val_loss improved by 0.001 >= min_delta = 0.0. New best score: 0.028
Metric val_loss improved by 0.000 >= min_delta = 0.0. New best score: 0.028
Metric val_loss improved by 0.000 >= min_delta = 0.0. New best score: 0.028
Metric val_loss improved by 0.001 >= min_delta = 0.0. New best score: 0.027
Metric val_loss improved by 0.000 >= min_delta = 0.0. New best score: 0.026
Metric val_loss improved by 0.000 >= min_delta = 0.0. New best score: 0.026
Metric val_loss improved by 0.000 >= min_delta = 0.0. New best score: 0.026
Metric val_loss improved by 0.000 >= min_delta = 0.0. New best score: 0.026
Metric val_loss improved by 0.000 >= min_delta = 0.0. New best score: 0.025
Metric val_loss improved by 0.000 >= min_delta = 0.0. New best score: 0.025
Metric val_loss improved by 0.000 >= min_delta = 0.0. New best score: 0.025
Metric val_loss improved by 0.000 >= min_delta = 0.0. New best score: 0.025
Metric val_loss improved by 0.000 >= min_delta = 0.0. New best score: 0.025
Metric val_loss improved by 0.000 >= min_delta = 0.0. New best score: 0.024
Metric val_loss improved by 0.000 >= min_delta = 0.0. New best score: 0.024
Metric val_loss improved by 0.000 >= min_delta = 0.0. New best score: 0.024
Metric val_loss improved by 0.000 >= min_delta = 0.0. New best score: 0.024
Metric val_loss improved by 0.000 >= min_delta = 0.0. New best score: 0.024
Metric val_loss improved by 0.000 >= min_delta = 0.0. New best score: 0.024
Metric val_loss improved by 0.000 >= min_delta = 0.0. New best score: 0.024
Metric val_loss improved by 0.000 >= min_delta = 0.0. New best score: 0.024
Monitored metric val_loss did not improve in the last 5 records. Best score: 0.024. Signaling Trainer to stop.
Время обучения: 5:27:18
