GPU available: True (cuda), used: True
TPU available: False, using: 0 TPU cores
IPU available: False, using: 0 IPUs
HPU available: False, using: 0 HPUs
Missing logger folder: tb_logs/ChebConv
LOCAL_RANK: 0 - CUDA_VISIBLE_DEVICES: [0]

  | Name           | Type  | Params
-----------------------------------------
0 | model_backbone | Model | 2.3 M 
-----------------------------------------
2.3 M     Trainable params
0         Non-trainable params
2.3 M     Total params
9.096     Total estimated model params size (MB)
SLURM auto-requeueing enabled. Setting signal handlers.
cuda True
NVIDIA GeForce RTX 3090
Model:
 MoleculeModel(
  (model_backbone): Model(
    (atom_preprocess): ModuleList(
      (0): AtomEdgeInteraction(
        (interaction): KANLinear(
          (base_activation): SiLU()
        )
        (activation): ReLU()
        (batch_norm): BatchNorm1d(128, eps=1e-05, momentum=0.1, affine=True, track_running_stats=True)
        (dropout): Dropout(p=0.0, inplace=False)
        (residual): Linear(in_features=133, out_features=128, bias=True)
      )
      (1-8): 8 x Sequential(
        (0): KANLinear(
          (base_activation): SiLU()
        )
        (1): BatchNorm1d(128, eps=1e-05, momentum=0.1, affine=True, track_running_stats=True)
        (2): PReLU(num_parameters=1)
        (3): Dropout(p=0.0, inplace=False)
      )
    )
    (cheb_convolutions): ModuleList(
      (0): ChebConv(128, 128, K=10, normalization=sym)
      (1): ChebConv(128, 128, K=16, normalization=sym)
    )
    (postprocess): ModuleList(
      (0-1): 2 x Sequential(
        (0): KANLinear(
          (base_activation): SiLU()
        )
        (1): BatchNorm1d(128, eps=1e-05, momentum=0.1, affine=True, track_running_stats=True)
        (2): PReLU(num_parameters=1)
        (3): Dropout(p=0.0, inplace=False)
      )
    )
    (output_layer): KANLinear(
      (base_activation): SiLU()
    )
  )
)
Metric val_loss improved. New best score: 0.158
Metric val_loss improved by 0.057 >= min_delta = 0.0. New best score: 0.102
Metric val_loss improved by 0.033 >= min_delta = 0.0. New best score: 0.069
Metric val_loss improved by 0.017 >= min_delta = 0.0. New best score: 0.052
Metric val_loss improved by 0.010 >= min_delta = 0.0. New best score: 0.041
Metric val_loss improved by 0.006 >= min_delta = 0.0. New best score: 0.036
Metric val_loss improved by 0.003 >= min_delta = 0.0. New best score: 0.033
Metric val_loss improved by 0.002 >= min_delta = 0.0. New best score: 0.030
Metric val_loss improved by 0.001 >= min_delta = 0.0. New best score: 0.029
Metric val_loss improved by 0.002 >= min_delta = 0.0. New best score: 0.028
Metric val_loss improved by 0.001 >= min_delta = 0.0. New best score: 0.027
Metric val_loss improved by 0.001 >= min_delta = 0.0. New best score: 0.026
Metric val_loss improved by 0.001 >= min_delta = 0.0. New best score: 0.025
Metric val_loss improved by 0.000 >= min_delta = 0.0. New best score: 0.025
Metric val_loss improved by 0.000 >= min_delta = 0.0. New best score: 0.024
Metric val_loss improved by 0.000 >= min_delta = 0.0. New best score: 0.024
Metric val_loss improved by 0.000 >= min_delta = 0.0. New best score: 0.024
Metric val_loss improved by 0.000 >= min_delta = 0.0. New best score: 0.024
Metric val_loss improved by 0.000 >= min_delta = 0.0. New best score: 0.023
Metric val_loss improved by 0.000 >= min_delta = 0.0. New best score: 0.023
Metric val_loss improved by 0.000 >= min_delta = 0.0. New best score: 0.023
Metric val_loss improved by 0.000 >= min_delta = 0.0. New best score: 0.023
Metric val_loss improved by 0.000 >= min_delta = 0.0. New best score: 0.023
Metric val_loss improved by 0.000 >= min_delta = 0.0. New best score: 0.022
Metric val_loss improved by 0.000 >= min_delta = 0.0. New best score: 0.022
Metric val_loss improved by 0.000 >= min_delta = 0.0. New best score: 0.022
Metric val_loss improved by 0.000 >= min_delta = 0.0. New best score: 0.022
Metric val_loss improved by 0.000 >= min_delta = 0.0. New best score: 0.022
Metric val_loss improved by 0.000 >= min_delta = 0.0. New best score: 0.022
Metric val_loss improved by 0.000 >= min_delta = 0.0. New best score: 0.022
Metric val_loss improved by 0.000 >= min_delta = 0.0. New best score: 0.021
Metric val_loss improved by 0.000 >= min_delta = 0.0. New best score: 0.021
Metric val_loss improved by 0.000 >= min_delta = 0.0. New best score: 0.021
Metric val_loss improved by 0.000 >= min_delta = 0.0. New best score: 0.021
Metric val_loss improved by 0.000 >= min_delta = 0.0. New best score: 0.021
Monitored metric val_loss did not improve in the last 5 records. Best score: 0.021. Signaling Trainer to stop.
Время обучения: 0:42:27
